<?xml version="1.0" encoding="UTF-8"?>
<testsuite xmlns:xsi="http://www.w3.org/2001/XMLSchema-instance" xsi:noNamespaceSchemaLocation="https://maven.apache.org/surefire/maven-surefire-plugin/xsd/surefire-test-report.xsd" version="3.0.1" name="com.bnmit.CalculatorTest" time="0.129" tests="5" errors="0" skipped="0" failures="0">
  <properties>
[...]
</properties>
  <testcase name="testAdd" classname="com.bnmit.CalculatorTest" time="0.046"/>
  <testcase name="testSubtract" classname="com.bnmit.CalculatorTest" time="0.001"/>
  <testcase name="testDivisionByZero" classname="com.bnmit.CalculatorTest" time="0.004"/>
  <testcase name="testDivide" classname="com.bnmit.CalculatorTest" time="0.001"/>
  <testcase name="testMultiply" classname="com.bnmit.CalculatorTest" time="0.001"/>
</testsuite>